\BOOKMARK [0][-]{part.1}{I Software Requirements Specification}{}% 1
\BOOKMARK [1][-]{section.1}{Celkov\375 popis syst\351mu}{part.1}% 2
\BOOKMARK [1][-]{section.2}{Po\236adavky na syst\351m}{part.1}% 3
\BOOKMARK [2][-]{subsection.2.1}{Evidence cten\341ru}{section.2}% 4
\BOOKMARK [3][-]{subsubsection.2.1.1}{Pridat cten\341re}{subsection.2.1}% 5
\BOOKMARK [3][-]{subsubsection.2.1.2}{Zobrazit informace o cten\341rovi}{subsection.2.1}% 6
\BOOKMARK [3][-]{subsubsection.2.1.3}{Upravit informace o cten\341rovi}{subsection.2.1}% 7
\BOOKMARK [2][-]{subsection.2.2}{Evidence svazku}{section.2}% 8
\BOOKMARK [3][-]{subsubsection.2.2.1}{Pridat nov\375 svazek}{subsection.2.2}% 9
\BOOKMARK [3][-]{subsubsection.2.2.2}{Prohl\355\236et svazky}{subsection.2.2}% 10
\BOOKMARK [3][-]{subsubsection.2.2.3}{Upravit informace o svazku}{subsection.2.2}% 11
\BOOKMARK [3][-]{subsubsection.2.2.4}{Pujcit svazek}{subsection.2.2}% 12
\BOOKMARK [3][-]{subsubsection.2.2.5}{Vr\341tit svazek}{subsection.2.2}% 13
\BOOKMARK [2][-]{subsection.2.3}{Evidence autoru}{section.2}% 14
\BOOKMARK [3][-]{subsubsection.2.3.1}{Pridat nov\351ho autora}{subsection.2.3}% 15
\BOOKMARK [3][-]{subsubsection.2.3.2}{Prohl\355\236et autory}{subsection.2.3}% 16
\BOOKMARK [3][-]{subsubsection.2.3.3}{Prohl\355\236et detail autora}{subsection.2.3}% 17
\BOOKMARK [3][-]{subsubsection.2.3.4}{Upravit informace o autorovi}{subsection.2.3}% 18
\BOOKMARK [3][-]{subsubsection.2.3.5}{Zobrazit tituly autora}{subsection.2.3}% 19
\BOOKMARK [2][-]{subsection.2.4}{Administrace knih}{section.2}% 20
\BOOKMARK [3][-]{subsubsection.2.4.1}{Pridat titul}{subsection.2.4}% 21
\BOOKMARK [3][-]{subsubsection.2.4.2}{Prohl\355\236et seznam titulu}{subsection.2.4}% 22
\BOOKMARK [3][-]{subsubsection.2.4.3}{Prohl\355\236et detail titulu}{subsection.2.4}% 23
\BOOKMARK [3][-]{subsubsection.2.4.4}{Upravit informace o titulu}{subsection.2.4}% 24
\BOOKMARK [3][-]{subsubsection.2.4.5}{Hodnotit titul}{subsection.2.4}% 25
\BOOKMARK [3][-]{subsubsection.2.4.6}{Vlo\236it koment\341r k titulu}{subsection.2.4}% 26
\BOOKMARK [3][-]{subsubsection.2.4.7}{Smazat koment\341r k titulu}{subsection.2.4}% 27
\BOOKMARK [2][-]{subsection.2.5}{Evidence kategori\355}{section.2}% 28
\BOOKMARK [3][-]{subsubsection.2.5.1}{Pridat kategorii}{subsection.2.5}% 29
\BOOKMARK [3][-]{subsubsection.2.5.2}{Smazat kategorii}{subsection.2.5}% 30
\BOOKMARK [2][-]{subsection.2.6}{Evidence vydavatelu}{section.2}% 31
\BOOKMARK [3][-]{subsubsection.2.6.1}{Pridat vydavatele}{subsection.2.6}% 32
\BOOKMARK [3][-]{subsubsection.2.6.2}{Smazat vydavatele}{subsection.2.6}% 33
\BOOKMARK [0][-]{part.2}{II Datov\375 model}{}% 34
\BOOKMARK [1][-]{section.3}{Dom\351nov\375 slovn\355k}{part.2}% 35
\BOOKMARK [1][-]{section.4}{Entity-Relationship Model}{part.2}% 36
